[1211/190620.318:ERROR:directory_reader_win.cc(43)] FindFirstFile: The system cannot find the path specified. (0x3)
[1212/113510.109:ERROR:directory_reader_win.cc(43)] FindFirstFile: The system cannot find the path specified. (0x3)
[1212/122452.371:ERROR:directory_reader_win.cc(43)] FindFirstFile: The system cannot find the path specified. (0x3)
[1212/185654.620:ERROR:directory_reader_win.cc(43)] FindFirstFile: The system cannot find the path specified. (0x3)
[1212/200023.308:ERROR:directory_reader_win.cc(43)] FindFirstFile: The system cannot find the path specified. (0x3)
[1212/202745.514:ERROR:directory_reader_win.cc(43)] FindFirstFile: The system cannot find the path specified. (0x3)
[1215/193740.946:ERROR:directory_reader_win.cc(43)] FindFirstFile: The system cannot find the path specified. (0x3)
[1215/210823.611:ERROR:directory_reader_win.cc(43)] FindFirstFile: The system cannot find the path specified. (0x3)
[1215/221050.665:ERROR:process_reader_win.cc(151)] SuspendThread: Access is denied. (0x5)
[1215/221050.666:ERROR:exception_snapshot_win.cc(99)] thread ID 16228 not found in process
[1215/221050.666:ERROR:scoped_process_suspend.cc(40)] NtResumeProcess: An attempt was made to access an exiting process. (0xc000010a)
[1215/221104.909:ERROR:process_reader_win.cc(151)] SuspendThread: Access is denied. (0x5)
[1215/221104.909:ERROR:exception_snapshot_win.cc(99)] thread ID 8992 not found in process
[1215/221104.909:ERROR:scoped_process_suspend.cc(40)] NtResumeProcess: An attempt was made to access an exiting process. (0xc000010a)
[1215/221128.810:ERROR:process_reader_win.cc(151)] SuspendThread: Access is denied. (0x5)
[1215/221128.810:ERROR:exception_snapshot_win.cc(99)] thread ID 10056 not found in process
[1215/221128.810:ERROR:scoped_process_suspend.cc(40)] NtResumeProcess: An attempt was made to access an exiting process. (0xc000010a)
[1215/223436.005:ERROR:process_reader_win.cc(151)] SuspendThread: Access is denied. (0x5)
[1215/223436.005:ERROR:exception_snapshot_win.cc(99)] thread ID 748 not found in process
[1215/223436.005:ERROR:scoped_process_suspend.cc(40)] NtResumeProcess: An attempt was made to access an exiting process. (0xc000010a)
[1215/223443.123:ERROR:process_reader_win.cc(151)] SuspendThread: Access is denied. (0x5)
[1215/223443.123:ERROR:exception_snapshot_win.cc(99)] thread ID 10428 not found in process
[1215/223443.123:ERROR:scoped_process_suspend.cc(40)] NtResumeProcess: An attempt was made to access an exiting process. (0xc000010a)
[1215/223457.899:ERROR:process_reader_win.cc(151)] SuspendThread: Access is denied. (0x5)
[1215/223457.899:ERROR:exception_snapshot_win.cc(99)] thread ID 16480 not found in process
[1215/223457.899:ERROR:scoped_process_suspend.cc(40)] NtResumeProcess: An attempt was made to access an exiting process. (0xc000010a)
[1215/224252.974:ERROR:process_reader_win.cc(151)] SuspendThread: Access is denied. (0x5)
[1215/224252.974:ERROR:exception_snapshot_win.cc(99)] thread ID 20436 not found in process
[1215/224252.974:ERROR:scoped_process_suspend.cc(40)] NtResumeProcess: An attempt was made to access an exiting process. (0xc000010a)
[1215/224254.675:ERROR:process_reader_win.cc(151)] SuspendThread: Access is denied. (0x5)
[1215/224254.675:ERROR:exception_snapshot_win.cc(99)] thread ID 14484 not found in process
[1215/224254.675:ERROR:scoped_process_suspend.cc(40)] NtResumeProcess: An attempt was made to access an exiting process. (0xc000010a)
[1215/224307.243:ERROR:process_reader_win.cc(151)] SuspendThread: Access is denied. (0x5)
[1215/224307.243:ERROR:exception_snapshot_win.cc(99)] thread ID 17600 not found in process
[1215/224307.243:ERROR:scoped_process_suspend.cc(40)] NtResumeProcess: An attempt was made to access an exiting process. (0xc000010a)
[1215/224311.008:ERROR:process_reader_win.cc(151)] SuspendThread: Access is denied. (0x5)
[1215/224311.008:ERROR:exception_snapshot_win.cc(99)] thread ID 1404 not found in process
[1215/224311.008:ERROR:scoped_process_suspend.cc(40)] NtResumeProcess: An attempt was made to access an exiting process. (0xc000010a)
[1215/225325.779:ERROR:process_info.cc(329)] VirtualQueryEx: Access is denied. (0x5)
[1215/225325.779:ERROR:process_info.cc(556)] ReadMemoryInfo failed
[1215/225325.779:ERROR:process_memory_win.cc(39)] Failed to initialize ProcessInfo.
[1215/225325.780:ERROR:scoped_process_suspend.cc(40)] NtResumeProcess: An attempt was made to access an exiting process. (0xc000010a)
[1215/225339.737:ERROR:process_reader_win.cc(151)] SuspendThread: Access is denied. (0x5)
[1215/225339.737:ERROR:exception_snapshot_win.cc(99)] thread ID 9876 not found in process
[1215/225339.737:ERROR:scoped_process_suspend.cc(40)] NtResumeProcess: An attempt was made to access an exiting process. (0xc000010a)
[1215/225341.717:ERROR:process_reader_win.cc(151)] SuspendThread: Access is denied. (0x5)
[1215/225341.717:ERROR:exception_snapshot_win.cc(99)] thread ID 17068 not found in process
[1215/225341.717:ERROR:scoped_process_suspend.cc(40)] NtResumeProcess: An attempt was made to access an exiting process. (0xc000010a)
[1215/225343.193:ERROR:process_reader_win.cc(151)] SuspendThread: Access is denied. (0x5)
[1215/225343.193:ERROR:exception_snapshot_win.cc(99)] thread ID 18468 not found in process
[1215/225343.193:ERROR:scoped_process_suspend.cc(40)] NtResumeProcess: An attempt was made to access an exiting process. (0xc000010a)
[1215/225416.951:ERROR:process_reader_win.cc(151)] SuspendThread: Access is denied. (0x5)
[1215/225416.951:ERROR:exception_snapshot_win.cc(99)] thread ID 6840 not found in process
[1215/225416.951:ERROR:scoped_process_suspend.cc(40)] NtResumeProcess: An attempt was made to access an exiting process. (0xc000010a)
[1215/225621.560:ERROR:process_reader_win.cc(151)] SuspendThread: Access is denied. (0x5)
[1215/225621.563:ERROR:exception_snapshot_win.cc(99)] thread ID 15764 not found in process
[1215/225621.563:ERROR:scoped_process_suspend.cc(40)] NtResumeProcess: An attempt was made to access an exiting process. (0xc000010a)
[1215/230016.790:ERROR:process_reader_win.cc(151)] SuspendThread: Access is denied. (0x5)
[1215/230016.791:ERROR:exception_snapshot_win.cc(99)] thread ID 10768 not found in process
[1215/230016.791:ERROR:scoped_process_suspend.cc(40)] NtResumeProcess: An attempt was made to access an exiting process. (0xc000010a)
[1215/230046.361:ERROR:process_reader_win.cc(151)] SuspendThread: Access is denied. (0x5)
[1215/230046.361:ERROR:exception_snapshot_win.cc(99)] thread ID 20724 not found in process
[1215/230046.361:ERROR:scoped_process_suspend.cc(40)] NtResumeProcess: An attempt was made to access an exiting process. (0xc000010a)
[1215/230122.143:ERROR:process_reader_win.cc(151)] SuspendThread: Access is denied. (0x5)
[1215/230122.146:ERROR:exception_snapshot_win.cc(99)] thread ID 14800 not found in process
[1215/230122.146:ERROR:scoped_process_suspend.cc(40)] NtResumeProcess: An attempt was made to access an exiting process. (0xc000010a)
[1215/230151.046:ERROR:process_reader_win.cc(151)] SuspendThread: Access is denied. (0x5)
[1215/230151.046:ERROR:exception_snapshot_win.cc(99)] thread ID 16792 not found in process
[1215/230151.046:ERROR:scoped_process_suspend.cc(40)] NtResumeProcess: An attempt was made to access an exiting process. (0xc000010a)
[1215/230208.900:ERROR:process_reader_win.cc(151)] SuspendThread: Access is denied. (0x5)
[1215/230208.900:ERROR:exception_snapshot_win.cc(99)] thread ID 17240 not found in process
[1215/230208.900:ERROR:scoped_process_suspend.cc(40)] NtResumeProcess: An attempt was made to access an exiting process. (0xc000010a)
[1215/230212.706:ERROR:process_reader_win.cc(151)] SuspendThread: Access is denied. (0x5)
[1215/230212.706:ERROR:exception_snapshot_win.cc(99)] thread ID 15960 not found in process
[1215/230212.706:ERROR:scoped_process_suspend.cc(40)] NtResumeProcess: An attempt was made to access an exiting process. (0xc000010a)
[1215/231632.815:ERROR:process_reader_win.cc(151)] SuspendThread: Access is denied. (0x5)
[1215/231632.815:ERROR:exception_snapshot_win.cc(99)] thread ID 5752 not found in process
[1215/231632.815:ERROR:scoped_process_suspend.cc(40)] NtResumeProcess: An attempt was made to access an exiting process. (0xc000010a)
[1215/231658.029:ERROR:process_reader_win.cc(151)] SuspendThread: Access is denied. (0x5)
[1215/231658.029:ERROR:exception_snapshot_win.cc(99)] thread ID 2616 not found in process
[1215/231658.030:ERROR:scoped_process_suspend.cc(40)] NtResumeProcess: An attempt was made to access an exiting process. (0xc000010a)
[1215/231659.638:ERROR:process_reader_win.cc(151)] SuspendThread: Access is denied. (0x5)
[1215/231659.638:ERROR:exception_snapshot_win.cc(99)] thread ID 8480 not found in process
[1215/231659.638:ERROR:scoped_process_suspend.cc(40)] NtResumeProcess: An attempt was made to access an exiting process. (0xc000010a)
[1215/232640.540:ERROR:process_reader_win.cc(151)] SuspendThread: Access is denied. (0x5)
[1215/232640.540:ERROR:exception_snapshot_win.cc(99)] thread ID 4032 not found in process
[1215/232640.540:ERROR:scoped_process_suspend.cc(40)] NtResumeProcess: An attempt was made to access an exiting process. (0xc000010a)
[1215/232642.326:ERROR:process_reader_win.cc(151)] SuspendThread: Access is denied. (0x5)
[1215/232642.326:ERROR:exception_snapshot_win.cc(99)] thread ID 808 not found in process
[1215/232642.326:ERROR:scoped_process_suspend.cc(40)] NtResumeProcess: An attempt was made to access an exiting process. (0xc000010a)
[1215/232713.962:ERROR:process_reader_win.cc(151)] SuspendThread: Access is denied. (0x5)
[1215/232713.962:ERROR:exception_snapshot_win.cc(99)] thread ID 3520 not found in process
[1215/232713.962:ERROR:scoped_process_suspend.cc(40)] NtResumeProcess: An attempt was made to access an exiting process. (0xc000010a)
[1215/233755.558:ERROR:process_reader_win.cc(151)] SuspendThread: Access is denied. (0x5)
[1215/233755.558:ERROR:exception_snapshot_win.cc(99)] thread ID 9932 not found in process
[1215/233755.558:ERROR:scoped_process_suspend.cc(40)] NtResumeProcess: An attempt was made to access an exiting process. (0xc000010a)
[1215/233812.476:ERROR:process_reader_win.cc(151)] SuspendThread: Access is denied. (0x5)
[1215/233812.476:ERROR:exception_snapshot_win.cc(99)] thread ID 22276 not found in process
[1215/233812.476:ERROR:scoped_process_suspend.cc(40)] NtResumeProcess: An attempt was made to access an exiting process. (0xc000010a)
[1216/213446.543:ERROR:process_reader_win.cc(151)] SuspendThread: Access is denied. (0x5)
[1216/213446.552:ERROR:exception_snapshot_win.cc(99)] thread ID 13412 not found in process
[1216/213446.552:ERROR:scoped_process_suspend.cc(40)] NtResumeProcess: An attempt was made to access an exiting process. (0xc000010a)
[1216/213452.205:ERROR:process_reader_win.cc(151)] SuspendThread: Access is denied. (0x5)
[1216/213452.205:ERROR:exception_snapshot_win.cc(99)] thread ID 18096 not found in process
[1216/213452.205:ERROR:scoped_process_suspend.cc(40)] NtResumeProcess: An attempt was made to access an exiting process. (0xc000010a)
[1216/213510.562:ERROR:process_reader_win.cc(151)] SuspendThread: Access is denied. (0x5)
[1216/213510.562:ERROR:exception_snapshot_win.cc(99)] thread ID 14892 not found in process
[1216/213510.563:ERROR:scoped_process_suspend.cc(40)] NtResumeProcess: An attempt was made to access an exiting process. (0xc000010a)
[1216/214736.988:ERROR:process_reader_win.cc(151)] SuspendThread: Access is denied. (0x5)
[1216/214736.988:ERROR:exception_snapshot_win.cc(99)] thread ID 19768 not found in process
[1216/214736.988:ERROR:scoped_process_suspend.cc(40)] NtResumeProcess: An attempt was made to access an exiting process. (0xc000010a)
[1216/214805.394:ERROR:process_reader_win.cc(151)] SuspendThread: Access is denied. (0x5)
[1216/214805.394:ERROR:exception_snapshot_win.cc(99)] thread ID 3884 not found in process
[1216/214805.394:ERROR:scoped_process_suspend.cc(40)] NtResumeProcess: An attempt was made to access an exiting process. (0xc000010a)
[1216/215503.900:ERROR:process_info.cc(329)] VirtualQueryEx: Access is denied. (0x5)
[1216/215503.901:ERROR:process_info.cc(556)] ReadMemoryInfo failed
[1216/215503.901:ERROR:process_memory_win.cc(39)] Failed to initialize ProcessInfo.
[1216/215503.901:ERROR:scoped_process_suspend.cc(40)] NtResumeProcess: An attempt was made to access an exiting process. (0xc000010a)
[1216/215505.107:ERROR:process_reader_win.cc(151)] SuspendThread: Access is denied. (0x5)
[1216/215505.108:ERROR:exception_snapshot_win.cc(99)] thread ID 3952 not found in process
[1216/215505.108:ERROR:scoped_process_suspend.cc(40)] NtResumeProcess: An attempt was made to access an exiting process. (0xc000010a)
[1216/215512.753:ERROR:process_reader_win.cc(151)] SuspendThread: Access is denied. (0x5)
[1216/215512.753:ERROR:exception_snapshot_win.cc(99)] thread ID 15076 not found in process
[1216/215512.753:ERROR:scoped_process_suspend.cc(40)] NtResumeProcess: An attempt was made to access an exiting process. (0xc000010a)
[1216/215517.244:ERROR:process_reader_win.cc(151)] SuspendThread: Access is denied. (0x5)
[1216/215517.244:ERROR:exception_snapshot_win.cc(99)] thread ID 14176 not found in process
[1216/215517.244:ERROR:scoped_process_suspend.cc(40)] NtResumeProcess: An attempt was made to access an exiting process. (0xc000010a)
[1216/215534.263:ERROR:process_reader_win.cc(151)] SuspendThread: Access is denied. (0x5)
[1216/215534.264:ERROR:exception_snapshot_win.cc(99)] thread ID 12540 not found in process
[1216/215534.264:ERROR:scoped_process_suspend.cc(40)] NtResumeProcess: An attempt was made to access an exiting process. (0xc000010a)
[1216/215538.182:ERROR:process_reader_win.cc(151)] SuspendThread: Access is denied. (0x5)
[1216/215538.182:ERROR:exception_snapshot_win.cc(99)] thread ID 16916 not found in process
[1216/215538.182:ERROR:scoped_process_suspend.cc(40)] NtResumeProcess: An attempt was made to access an exiting process. (0xc000010a)
[1217/213745.277:ERROR:process_reader_win.cc(151)] SuspendThread: Access is denied. (0x5)
[1217/213745.280:ERROR:exception_snapshot_win.cc(99)] thread ID 5288 not found in process
[1217/213745.280:ERROR:scoped_process_suspend.cc(40)] NtResumeProcess: An attempt was made to access an exiting process. (0xc000010a)
[1217/213746.943:ERROR:process_reader_win.cc(151)] SuspendThread: Access is denied. (0x5)
[1217/213746.943:ERROR:exception_snapshot_win.cc(99)] thread ID 18060 not found in process
[1217/213746.943:ERROR:scoped_process_suspend.cc(40)] NtResumeProcess: An attempt was made to access an exiting process. (0xc000010a)
[1217/213759.823:ERROR:process_reader_win.cc(151)] SuspendThread: Access is denied. (0x5)
[1217/213759.824:ERROR:exception_snapshot_win.cc(99)] thread ID 22908 not found in process
[1217/213759.824:ERROR:scoped_process_suspend.cc(40)] NtResumeProcess: An attempt was made to access an exiting process. (0xc000010a)
[1217/213803.576:ERROR:process_reader_win.cc(151)] SuspendThread: Access is denied. (0x5)
[1217/213803.576:ERROR:exception_snapshot_win.cc(99)] thread ID 9848 not found in process
[1217/213803.576:ERROR:scoped_process_suspend.cc(40)] NtResumeProcess: An attempt was made to access an exiting process. (0xc000010a)
[1217/213808.650:ERROR:process_reader_win.cc(151)] SuspendThread: Access is denied. (0x5)
[1217/213808.650:ERROR:exception_snapshot_win.cc(99)] thread ID 6716 not found in process
[1217/213808.650:ERROR:scoped_process_suspend.cc(40)] NtResumeProcess: An attempt was made to access an exiting process. (0xc000010a)
[1217/220849.183:ERROR:process_reader_win.cc(151)] SuspendThread: Access is denied. (0x5)
[1217/220849.184:ERROR:exception_snapshot_win.cc(99)] thread ID 356 not found in process
[1217/220849.184:ERROR:scoped_process_suspend.cc(40)] NtResumeProcess: An attempt was made to access an exiting process. (0xc000010a)
[1217/221745.994:ERROR:directory_reader_win.cc(43)] FindFirstFile: The system cannot find the path specified. (0x3)
[1218/143416.172:ERROR:process_reader_win.cc(151)] SuspendThread: Access is denied. (0x5)
[1218/143416.174:ERROR:exception_snapshot_win.cc(99)] thread ID 8992 not found in process
[1218/143416.175:ERROR:scoped_process_suspend.cc(40)] NtResumeProcess: An attempt was made to access an exiting process. (0xc000010a)
[1218/143430.824:ERROR:process_reader_win.cc(151)] SuspendThread: Access is denied. (0x5)
[1218/143430.824:ERROR:exception_snapshot_win.cc(99)] thread ID 24348 not found in process
[1218/143430.824:ERROR:scoped_process_suspend.cc(40)] NtResumeProcess: An attempt was made to access an exiting process. (0xc000010a)
[1218/143439.705:ERROR:process_reader_win.cc(151)] SuspendThread: Access is denied. (0x5)
[1218/143439.705:ERROR:exception_snapshot_win.cc(99)] thread ID 10200 not found in process
[1218/143439.705:ERROR:scoped_process_suspend.cc(40)] NtResumeProcess: An attempt was made to access an exiting process. (0xc000010a)
[1218/145506.371:ERROR:directory_reader_win.cc(43)] FindFirstFile: The system cannot find the path specified. (0x3)
[1218/150622.202:ERROR:directory_reader_win.cc(43)] FindFirstFile: The system cannot find the path specified. (0x3)
[1218/162420.364:ERROR:directory_reader_win.cc(43)] FindFirstFile: The system cannot find the path specified. (0x3)
[1219/153447.645:ERROR:directory_reader_win.cc(43)] FindFirstFile: The system cannot find the path specified. (0x3)
[1219/155110.864:ERROR:directory_reader_win.cc(43)] FindFirstFile: The system cannot find the path specified. (0x3)
[1220/174241.722:ERROR:process_reader_win.cc(151)] SuspendThread: Access is denied. (0x5)
[1220/174241.725:ERROR:exception_snapshot_win.cc(99)] thread ID 19356 not found in process
[1220/174241.725:ERROR:scoped_process_suspend.cc(40)] NtResumeProcess: An attempt was made to access an exiting process. (0xc000010a)
